<?xml version="1.0" encoding="UTF-8"?>
<!-- Generated by org.testng.reporters.JUnitReportReporter -->
<testsuite hostname="SEBASTIAN" failures="0" tests="3" name="testcases.com.parabank.qa.base.LoginPageTest" time="14.242" errors="0" timestamp="2024-09-29T19:55:45 PET" skipped="0">
  <testcase classname="testcases.com.parabank.qa.base.LoginPageTest" name="loginPageTitleTest" time="5.222"/>
  <testcase classname="testcases.com.parabank.qa.base.LoginPageTest" name="parabankLogoImageTest" time="3.779"/>
  <testcase classname="testcases.com.parabank.qa.base.LoginPageTest" name="loginTest" time="5.241"/>
</testsuite> <!-- testcases.com.parabank.qa.base.LoginPageTest -->
