<?xml version="1.0" encoding="UTF-8"?>
<!-- Generated by org.testng.reporters.JUnitReportReporter -->
<testsuite hostname="SEBASTIAN" failures="0" tests="3" name="com.parabank.qa.base.testcases.Login.LoginPageTest" time="6.592" errors="0" timestamp="2024-11-10T00:57:44 PET" skipped="0">
  <testcase classname="com.parabank.qa.base.testcases.Login.LoginPageTest" name="loginPageTitleTest" time="2.765"/>
  <testcase classname="com.parabank.qa.base.testcases.Login.LoginPageTest" name="parabankLogoImageTest" time="1.734"/>
  <testcase classname="com.parabank.qa.base.testcases.Login.LoginPageTest" name="loginTest" time="2.093"/>
</testsuite> <!-- com.parabank.qa.base.testcases.Login.LoginPageTest -->
